SF:lib\about_page.dart
DA:7,1
DA:9,0
DA:10,0
DA:13,1
DA:15,1
DA:16,1
DA:17,1
DA:19,1
DA:21,1
LF:9
LH:7
end_of_record
SF:lib\part_builder\footer.dart
DA:7,1
DA:9,6
DA:11,6
DA:15,6
DA:16,6
DA:29,6
DA:34,1
DA:35,1
DA:36,1
LF:9
LH:9
end_of_record
SF:lib\part_builder\main_header.dart
DA:5,1
DA:7,1
DA:11,1
DA:12,2
DA:13,1
DA:14,1
DA:19,1
DA:23,1
DA:24,1
DA:37,0
DA:40,6
DA:42,18
DA:43,6
DA:45,6
DA:48,6
DA:49,6
DA:51,6
DA:63,6
DA:64,6
DA:66,6
DA:67,6
DA:69,6
DA:70,0
DA:71,0
DA:73,6
DA:77,4
DA:78,4
DA:79,4
DA:93,6
DA:94,6
DA:95,6
DA:96,6
DA:97,6
DA:101,6
DA:103,6
DA:105,6
DA:107,6
DA:108,6
DA:116,6
DA:118,6
DA:126,2
DA:128,6
DA:136,6
DA:139,2
DA:147,2
DA:162,6
DA:163,6
DA:165,6
DA:166,1
DA:167,2
DA:169,6
LF:51
LH:48
end_of_record
SF:lib\part_builder\styled_button.dart
DA:9,4
DA:16,4
DA:18,4
DA:19,4
DA:24,4
DA:25,4
DA:27,12
LF:7
LH:7
end_of_record
SF:lib\sign_up_page.dart
DA:8,1
DA:10,0
DA:11,0
DA:14,1
DA:18,2
DA:20,2
DA:21,2
DA:22,2
DA:23,2
DA:25,2
DA:28,2
DA:30,2
DA:32,2
DA:34,2
DA:35,2
DA:36,2
DA:37,0
DA:38,0
DA:40,2
DA:44,2
DA:45,2
DA:46,2
DA:61,2
DA:63,2
DA:90,2
DA:92,2
LF:26
LH:22
end_of_record
SF:lib\product_page.dart
DA:13,0
DA:19,0
DA:21,0
DA:22,0
DA:25,0
DA:26,0
DA:29,0
DA:30,0
DA:33,0
DA:34,0
DA:37,1
DA:39,1
DA:40,1
DA:41,1
DA:42,1
DA:44,1
DA:56,1
DA:59,1
DA:61,1
DA:63,1
DA:66,1
DA:67,1
DA:68,1
DA:70,1
DA:71,1
DA:72,1
DA:73,1
DA:75,1
DA:76,1
DA:77,1
DA:104,1
DA:105,1
DA:116,1
DA:117,1
DA:130,2
DA:135,1
DA:152,1
DA:154,1
DA:158,1
DA:159,1
DA:160,1
DA:161,1
DA:182,1
DA:184,1
DA:199,1
DA:201,1
LF:46
LH:36
end_of_record
SF:lib\collection.dart
DA:8,1
DA:10,0
DA:11,0
DA:14,2
DA:16,2
DA:17,2
DA:18,2
DA:20,2
DA:22,2
LF:9
LH:7
end_of_record
SF:lib\part_builder\collection_image.dart
DA:11,1
DA:20,3
DA:22,3
DA:23,1
DA:24,1
DA:26,1
DA:27,2
DA:28,1
DA:33,3
DA:34,3
DA:35,3
DA:36,3
DA:38,3
DA:40,3
DA:41,3
DA:42,3
DA:43,3
DA:45,1
DA:46,1
DA:47,1
DA:56,3
DA:57,3
DA:58,3
DA:59,3
DA:63,3
DA:64,3
DA:65,3
LF:27
LH:27
end_of_record
SF:lib\collection_product_page.dart
DA:12,1
DA:18,2
DA:19,4
DA:20,2
DA:23,0
DA:24,0
DA:26,0
DA:27,0
DA:30,2
DA:32,2
DA:33,2
DA:34,2
DA:35,2
DA:36,2
DA:45,1
DA:46,3
DA:48,1
DA:49,1
DA:51,1
DA:53,1
DA:66,3
DA:69,1
DA:71,1
DA:72,1
DA:73,1
DA:74,1
DA:98,1
DA:100,1
DA:104,1
DA:105,1
DA:129,1
DA:131,1
DA:139,1
DA:141,1
DA:142,1
DA:143,0
DA:145,0
DA:146,0
DA:147,0
DA:148,0
DA:149,0
DA:154,1
LF:42
LH:32
end_of_record
SF:lib\part_builder\product_card.dart
DA:11,0
DA:20,2
DA:22,2
DA:23,0
DA:24,0
DA:26,0
DA:27,0
DA:28,0
DA:29,0
DA:30,0
DA:31,0
DA:36,2
DA:38,2
DA:40,2
DA:43,2
DA:44,2
DA:45,2
DA:46,2
DA:50,1
DA:51,1
DA:52,1
DA:62,2
DA:63,2
DA:68,2
DA:69,2
LF:25
LH:16
end_of_record
SF:lib\main.dart
DA:11,0
DA:12,0
DA:16,1
DA:18,1
DA:20,1
DA:23,1
DA:24,1
DA:31,1
DA:34,0
DA:35,1
DA:42,1
DA:44,0
DA:45,0
DA:48,0
DA:49,0
DA:52,0
DA:56,1
DA:57,1
DA:60,1
DA:62,1
DA:63,1
DA:64,2
DA:66,1
DA:78,1
DA:81,1
DA:82,1
DA:84,1
DA:85,1
DA:92,1
DA:93,1
DA:95,1
DA:101,1
DA:105,1
DA:107,1
DA:128,1
DA:129,2
DA:130,1
DA:150,1
DA:152,1
DA:154,1
DA:155,1
DA:165,1
DA:168,4
LF:43
LH:35
end_of_record
